model: vgg

pipeline:
train_transform_5 = transforms.Compose([
    transforms.Resize(size=size),
    transforms.RandomAffine(degrees=2, scale=(0.8, 1.2), shear=5),
    transforms.RandomApply([transforms.RandomRotation(30)], p=0.4),
    transforms.RandomHorizontalFlip(p=0.5),
    transforms.RandomApply([transforms.ColorJitter(brightness=0.7, contrast=0.7)], p=0.3),
    transforms.RandomChoice([
        transforms.GaussianBlur(kernel_size=1, sigma=(0.1, 1)),
        transforms.RandomAdjustSharpness(sharpness_factor=2.0, p=0.5)
    ]),
    transforms.ToTensor(),
    ToDtype(torch.float32, scale=True),
    transforms.Normalize((0.5, 0.5, 0.5), (0.5, 0.5, 0.5))
])


-----------------------

!!! optimal epoch: 75

Val Accuracy: 0.5544

Val F1_score: 0.5422

Max Train loss: 1.0745

Max Val loss: 1.4327

Kaggle result F1 score: 0.54064

-----------------------
